#! /opt/homebrew/Cellar/icarus-verilog/11.0/bin/vvp
:ivl_version "11.0 (stable)";
:ivl_delay_selection "TYPICAL";
:vpi_time_precision + 0;
:vpi_module "/opt/homebrew/Cellar/icarus-verilog/11.0/lib/ivl/system.vpi";
:vpi_module "/opt/homebrew/Cellar/icarus-verilog/11.0/lib/ivl/vhdl_sys.vpi";
:vpi_module "/opt/homebrew/Cellar/icarus-verilog/11.0/lib/ivl/vhdl_textio.vpi";
:vpi_module "/opt/homebrew/Cellar/icarus-verilog/11.0/lib/ivl/v2005_math.vpi";
:vpi_module "/opt/homebrew/Cellar/icarus-verilog/11.0/lib/ivl/va_math.vpi";
S_0x134e0e060 .scope module, "maintb" "maintb" 2 126;
 .timescale 0 0;
v0x6000016d99e0_0 .var "clk", 0 0;
v0x6000016d9a70_0 .var/i "hitno", 31 0;
v0x6000016d9b00_0 .var "isWrite_tb", 0 0;
v0x6000016d9b90_0 .var "memoryAddress_tb", 31 0;
v0x6000016d9c20_0 .net "outputdata_tb", 7 0, L_0x600000fda450;  1 drivers
v0x6000016d9cb0_0 .var/i "totalno", 31 0;
v0x6000016d9d40_0 .var "writeValue_tb", 7 0;
S_0x134e089b0 .scope module, "c1" "CacheController" 2 134, 2 3 0, S_0x134e0e060;
 .timescale 0 0;
    .port_info 0 /INPUT 32 "memoryAddress";
    .port_info 1 /INPUT 8 "writeValue";
    .port_info 2 /INPUT 1 "isWrite";
    .port_info 3 /INPUT 1 "clk";
    .port_info 4 /OUTPUT 8 "outputdata";
L_0x600000fda450 .functor BUFZ 8, v0x6000016d98c0_0, C4<00000000>, C4<00000000>, C4<00000000>;
v0x6000016d8d80_0 .var "Address", 31 0;
v0x6000016d8e10_0 .var/i "Associativity", 31 0;
v0x6000016d8ea0_0 .var/i "Blocks", 31 0;
v0x6000016d8f30_0 .var "Data", 7 0;
v0x6000016d8fc0 .array "DataArray", 31 0, 63 0;
v0x6000016d9050 .array "TagArray", 31 0, 27 0;
v0x6000016d90e0_0 .var/i "c", 31 0;
v0x6000016d9170_0 .net "clk", 0 0, v0x6000016d99e0_0;  1 drivers
v0x6000016d9200_0 .var/i "column", 31 0;
v0x6000016d9290 .array/i "frequency", 31 0, 31 0;
v0x6000016d9320_0 .var/2u "hitbit", 0 0;
v0x6000016d93b0_0 .var/i "index", 31 0;
v0x6000016d9440_0 .net "isWrite", 0 0, v0x6000016d9b00_0;  1 drivers
v0x6000016d94d0_0 .var "ismemWrite", 0 0;
v0x6000016d9560_0 .net "memoryAddress", 31 0, v0x6000016d9b90_0;  1 drivers
v0x6000016d95f0_0 .var/i "offset", 31 0;
v0x6000016d9680_0 .net "outputdata", 7 0, L_0x600000fda450;  alias, 1 drivers
o0x138040340 .functor BUFZ 8, C4<zzzzzzzz>; HiZ drive
v0x6000016d9710_0 .net "outputmem", 7 0, o0x138040340;  0 drivers
v0x6000016d97a0_0 .var/i "r", 31 0;
v0x6000016d9830_0 .var/i "tag", 31 0;
v0x6000016d98c0_0 .var "tempout", 7 0;
v0x6000016d9950_0 .net "writeValue", 7 0, v0x6000016d9d40_0;  1 drivers
E_0x600002ad0e10 .event posedge, v0x6000016d9170_0;
S_0x134e08b20 .scope begin, "$ivl_for_loop0" "$ivl_for_loop0" 2 34, 2 34 0, S_0x134e089b0;
 .timescale 0 0;
v0x6000016d83f0_0 .var/i "i", 31 0;
S_0x134e045d0 .scope begin, "$ivl_for_loop1" "$ivl_for_loop1" 2 35, 2 35 0, S_0x134e08b20;
 .timescale 0 0;
v0x6000016d81b0_0 .var/i "j", 31 0;
S_0x134e04740 .scope begin, "$ivl_for_loop10" "$ivl_for_loop10" 2 109, 2 109 0, S_0x134e089b0;
 .timescale 0 0;
v0x6000016d8480_0 .var/i "i", 31 0;
S_0x134e04e70 .scope begin, "$ivl_for_loop11" "$ivl_for_loop11" 2 113, 2 113 0, S_0x134e089b0;
 .timescale 0 0;
v0x6000016d8510_0 .var/i "i", 31 0;
S_0x134e04fe0 .scope begin, "$ivl_for_loop2" "$ivl_for_loop2" 2 70, 2 70 0, S_0x134e089b0;
 .timescale 0 0;
v0x6000016d85a0_0 .var/i "i", 31 0;
S_0x134e0e8d0 .scope begin, "$ivl_for_loop3" "$ivl_for_loop3" 2 78, 2 78 0, S_0x134e089b0;
 .timescale 0 0;
v0x6000016d8630_0 .var/i "i", 31 0;
S_0x134e0ea40 .scope begin, "$ivl_for_loop4" "$ivl_for_loop4" 2 81, 2 81 0, S_0x134e089b0;
 .timescale 0 0;
v0x6000016d8750_0 .var/i "i", 31 0;
S_0x134e0ebb0 .scope begin, "$ivl_for_loop5" "$ivl_for_loop5" 2 83, 2 83 0, S_0x134e0ea40;
 .timescale 0 0;
v0x6000016d86c0_0 .var/i "j", 31 0;
S_0x134e0ed20 .scope begin, "$ivl_for_loop6" "$ivl_for_loop6" 2 96, 2 96 0, S_0x134e089b0;
 .timescale 0 0;
v0x6000016d8870_0 .var/i "i", 31 0;
S_0x134e0ee90 .scope begin, "$ivl_for_loop7" "$ivl_for_loop7" 2 97, 2 97 0, S_0x134e0ed20;
 .timescale 0 0;
v0x6000016d87e0_0 .var/i "j", 31 0;
S_0x134e0f000 .scope begin, "$ivl_for_loop8" "$ivl_for_loop8" 2 104, 2 104 0, S_0x134e089b0;
 .timescale 0 0;
v0x6000016d8990_0 .var/i "i", 31 0;
S_0x134e0f170 .scope begin, "$ivl_for_loop9" "$ivl_for_loop9" 2 106, 2 106 0, S_0x134e0f000;
 .timescale 0 0;
v0x6000016d8900_0 .var/i "j", 31 0;
S_0x134e0f2e0 .scope module, "m1" "MainMemory" 2 54, 3 1 0, S_0x134e089b0;
 .timescale 0 0;
    .port_info 0 /INPUT 32 "Address";
    .port_info 1 /INPUT 8 "Data";
    .port_info 2 /INPUT 1 "ismemWrite";
    .port_info 3 /OUTPUT 8 "outputmem";
v0x6000016d8a20_0 .net "Address", 31 0, v0x6000016d8d80_0;  1 drivers
v0x6000016d8ab0_0 .var "Address_last8bits", 7 0;
v0x6000016d8b40_0 .net "Data", 7 0, v0x6000016d8f30_0;  1 drivers
v0x6000016d8bd0_0 .net "ismemWrite", 0 0, v0x6000016d94d0_0;  1 drivers
v0x6000016d8c60_0 .net "outputdata", 0 0, L_0x6000015d9040;  1 drivers
v0x6000016d8cf0_0 .net "outputmem", 7 0, o0x138040340;  alias, 0 drivers
E_0x600002ad0cf0 .event edge, v0x6000016d8bd0_0, v0x6000016d8a20_0;
L_0x6000015d9040 .part v0x6000016d8ab0_0, 0, 1;
    .scope S_0x134e0f2e0;
T_0 ;
    %wait E_0x600002ad0cf0;
    %load/vec4 v0x6000016d8bd0_0;
    %flag_set/vec4 8;
    %jmp/0xz  T_0.0, 8;
    %vpi_call 3 13 "$display", "Write executed" {0 0 0};
    %pushi/vec4 0, 0, 8;
    %assign/vec4 v0x6000016d8ab0_0, 0;
    %jmp T_0.1;
T_0.0 ;
    %vpi_call 3 17 "$display", "Read executed" {0 0 0};
    %load/vec4 v0x6000016d8a20_0;
    %parti/s 8, 0, 2;
    %assign/vec4 v0x6000016d8ab0_0, 0;
T_0.1 ;
    %jmp T_0;
    .thread T_0, $push;
    .scope S_0x134e089b0;
T_1 ;
    %pushi/vec4 4, 0, 32;
    %store/vec4 v0x6000016d8e10_0, 0, 32;
    %pushi/vec4 32, 0, 32;
    %store/vec4 v0x6000016d8ea0_0, 0, 32;
    %end;
    .thread T_1;
    .scope S_0x134e089b0;
T_2 ;
    %load/vec4 v0x6000016d8ea0_0;
    %load/vec4 v0x6000016d8e10_0;
    %div/s;
    %store/vec4 v0x6000016d97a0_0, 0, 32;
    %load/vec4 v0x6000016d8e10_0;
    %store/vec4 v0x6000016d90e0_0, 0, 32;
    %vpi_call 2 32 "$display", v0x6000016d97a0_0 {0 0 0};
    %vpi_call 2 33 "$display", v0x6000016d90e0_0 {0 0 0};
    %fork t_1, S_0x134e08b20;
    %jmp t_0;
    .scope S_0x134e08b20;
t_1 ;
    %pushi/vec4 0, 0, 32;
    %store/vec4 v0x6000016d83f0_0, 0, 32;
T_2.0 ;
    %load/vec4 v0x6000016d83f0_0;
    %load/vec4 v0x6000016d97a0_0;
    %cmp/s;
    %jmp/0xz T_2.1, 5;
    %fork t_3, S_0x134e045d0;
    %jmp t_2;
    .scope S_0x134e045d0;
t_3 ;
    %pushi/vec4 0, 0, 32;
    %store/vec4 v0x6000016d81b0_0, 0, 32;
T_2.2 ;
    %load/vec4 v0x6000016d81b0_0;
    %load/vec4 v0x6000016d90e0_0;
    %cmp/s;
    %jmp/0xz T_2.3, 5;
    %pushi/vec4 0, 0, 28;
    %load/vec4 v0x6000016d83f0_0;
    %pad/s 35;
    %pad/s 37;
    %muli 4, 0, 37;
    %pad/s 38;
    %load/vec4 v0x6000016d81b0_0;
    %pad/s 38;
    %add;
    %ix/vec4/s 4;
    %store/vec4a v0x6000016d9050, 4, 0;
    %pushi/vec4 0, 0, 64;
    %load/vec4 v0x6000016d83f0_0;
    %pad/s 35;
    %pad/s 37;
    %muli 4, 0, 37;
    %pad/s 38;
    %load/vec4 v0x6000016d81b0_0;
    %pad/s 38;
    %add;
    %ix/vec4/s 4;
    %store/vec4a v0x6000016d8fc0, 4, 0;
    %load/vec4 v0x6000016d81b0_0;
    %load/vec4 v0x6000016d83f0_0;
    %pad/s 35;
    %pad/s 37;
    %muli 4, 0, 37;
    %pad/s 38;
    %load/vec4 v0x6000016d81b0_0;
    %pad/s 38;
    %add;
    %ix/vec4/s 4;
    %store/vec4a v0x6000016d9290, 4, 0;
    ; show_stmt_assign_vector: Get l-value for compressed += operand
    %load/vec4 v0x6000016d81b0_0;
    %pushi/vec4 1, 0, 32;
    %add;
    %store/vec4 v0x6000016d81b0_0, 0, 32;
    %jmp T_2.2;
T_2.3 ;
    %end;
    .scope S_0x134e08b20;
t_2 %join;
    ; show_stmt_assign_vector: Get l-value for compressed += operand
    %load/vec4 v0x6000016d83f0_0;
    %pushi/vec4 1, 0, 32;
    %add;
    %store/vec4 v0x6000016d83f0_0, 0, 32;
    %jmp T_2.0;
T_2.1 ;
    %end;
    .scope S_0x134e089b0;
t_0 %join;
    %end;
    .thread T_2;
    .scope S_0x134e089b0;
T_3 ;
    %pushi/vec4 0, 0, 32;
    %store/vec4 v0x6000016d8d80_0, 0, 32;
    %pushi/vec4 0, 0, 8;
    %store/vec4 v0x6000016d8f30_0, 0, 8;
    %pushi/vec4 0, 0, 1;
    %store/vec4 v0x6000016d94d0_0, 0, 1;
    %end;
    .thread T_3;
    .scope S_0x134e089b0;
T_4 ;
    %wait E_0x600002ad0e10;
    %load/vec4 v0x6000016d9560_0;
    %parti/s 3, 0, 2;
    %pad/u 32;
    %store/vec4 v0x6000016d95f0_0, 0, 32;
    %load/vec4 v0x6000016d9560_0;
    %parti/s 3, 3, 3;
    %pad/u 32;
    %store/vec4 v0x6000016d93b0_0, 0, 32;
    %load/vec4 v0x6000016d9560_0;
    %parti/s 26, 6, 4;
    %pad/u 32;
    %store/vec4 v0x6000016d9830_0, 0, 32;
    %vpi_call 2 65 "$display", v0x6000016d95f0_0 {0 0 0};
    %vpi_call 2 66 "$display", v0x6000016d93b0_0 {0 0 0};
    %vpi_call 2 67 "$display", v0x6000016d9830_0 {0 0 0};
    %pushi/vec4 0, 0, 1;
    %store/vec4 v0x6000016d9320_0, 0, 1;
    %pushi/vec4 0, 0, 32;
    %store/vec4 v0x6000016d9200_0, 0, 32;
    %fork t_5, S_0x134e04fe0;
    %jmp t_4;
    .scope S_0x134e04fe0;
t_5 ;
    %pushi/vec4 0, 0, 32;
    %store/vec4 v0x6000016d85a0_0, 0, 32;
T_4.0 ;
    %load/vec4 v0x6000016d85a0_0;
    %load/vec4 v0x6000016d90e0_0;
    %cmp/s;
    %jmp/0xz T_4.1, 5;
    %load/vec4 v0x6000016d93b0_0;
    %pad/s 35;
    %pad/s 37;
    %muli 4, 0, 37;
    %pad/s 38;
    %load/vec4 v0x6000016d85a0_0;
    %pad/s 38;
    %add;
    %ix/vec4/s 4;
    %load/vec4a v0x6000016d9050, 4;
    %parti/s 26, 0, 2;
    %pad/u 32;
    %load/vec4 v0x6000016d9830_0;
    %cmp/e;
    %flag_get/vec4 4;
    %load/vec4 v0x6000016d93b0_0;
    %pad/s 35;
    %pad/s 37;
    %muli 4, 0, 37;
    %pad/s 38;
    %load/vec4 v0x6000016d85a0_0;
    %pad/s 38;
    %add;
    %ix/vec4/s 4;
    %load/vec4a v0x6000016d9050, 4;
    %parti/s 1, 26, 6;
    %pad/u 32;
    %pushi/vec4 1, 0, 32;
    %cmp/e;
    %flag_get/vec4 4;
    %and;
    %flag_set/vec4 8;
    %jmp/0xz  T_4.2, 8;
    %pushi/vec4 1, 0, 1;
    %store/vec4 v0x6000016d9320_0, 0, 1;
    %load/vec4 v0x6000016d85a0_0;
    %store/vec4 v0x6000016d9200_0, 0, 32;
T_4.2 ;
    ; show_stmt_assign_vector: Get l-value for compressed += operand
    %load/vec4 v0x6000016d85a0_0;
    %pushi/vec4 1, 0, 32;
    %add;
    %store/vec4 v0x6000016d85a0_0, 0, 32;
    %jmp T_4.0;
T_4.1 ;
    %end;
    .scope S_0x134e089b0;
t_4 %join;
    %vpi_call 2 76 "$display", v0x6000016d9200_0 {0 0 0};
    %load/vec4 v0x6000016d9440_0;
    %pad/u 32;
    %pushi/vec4 0, 0, 32;
    %cmp/e;
    %flag_get/vec4 4;
    %load/vec4 v0x6000016d9320_0;
    %pad/u 32;
    %pushi/vec4 1, 0, 32;
    %cmp/e;
    %flag_get/vec4 4;
    %and;
    %flag_set/vec4 8;
    %jmp/0xz  T_4.4, 8;
    %fork t_7, S_0x134e0e8d0;
    %jmp t_6;
    .scope S_0x134e0e8d0;
t_7 ;
    %pushi/vec4 0, 0, 32;
    %store/vec4 v0x6000016d8630_0, 0, 32;
T_4.6 ;
    %load/vec4 v0x6000016d8630_0;
    %cmpi/s 8, 0, 32;
    %jmp/0xz T_4.7, 5;
    %load/vec4 v0x6000016d93b0_0;
    %pad/s 35;
    %pad/s 37;
    %muli 4, 0, 37;
    %pad/s 38;
    %load/vec4 v0x6000016d9200_0;
    %pad/s 38;
    %add;
    %ix/vec4/s 4;
    %load/vec4a v0x6000016d8fc0, 4;
    %load/vec4 v0x6000016d95f0_0;
    %muli 8, 0, 32;
    %load/vec4 v0x6000016d8630_0;
    %add;
    %part/s 1;
    %ix/getv/s 4, v0x6000016d8630_0;
    %store/vec4 v0x6000016d98c0_0, 4, 1;
    ; show_stmt_assign_vector: Get l-value for compressed += operand
    %load/vec4 v0x6000016d8630_0;
    %pushi/vec4 1, 0, 32;
    %add;
    %store/vec4 v0x6000016d8630_0, 0, 32;
    %jmp T_4.6;
T_4.7 ;
    %end;
    .scope S_0x134e089b0;
t_6 %join;
    %fork t_9, S_0x134e0ea40;
    %jmp t_8;
    .scope S_0x134e0ea40;
t_9 ;
    %pushi/vec4 0, 0, 32;
    %store/vec4 v0x6000016d8750_0, 0, 32;
T_4.8 ;
    %load/vec4 v0x6000016d8750_0;
    %load/vec4 v0x6000016d90e0_0;
    %cmp/s;
    %jmp/0xz T_4.9, 5;
    %load/vec4 v0x6000016d93b0_0;
    %pad/s 35;
    %pad/s 37;
    %muli 4, 0, 37;
    %pad/s 38;
    %load/vec4 v0x6000016d8750_0;
    %pad/s 38;
    %add;
    %ix/vec4/s 4;
    %load/vec4a v0x6000016d9290, 4;
    %load/vec4 v0x6000016d9200_0;
    %cmp/e;
    %jmp/0xz  T_4.10, 4;
    %fork t_11, S_0x134e0ebb0;
    %jmp t_10;
    .scope S_0x134e0ebb0;
t_11 ;
    %load/vec4 v0x6000016d8750_0;
    %store/vec4 v0x6000016d86c0_0, 0, 32;
T_4.12 ;
    %load/vec4 v0x6000016d86c0_0;
    %cmpi/s 0, 0, 32;
    %flag_or 5, 4; GT is !LE
    %flag_inv 5;
    %jmp/0xz T_4.13, 5;
    %load/vec4 v0x6000016d93b0_0;
    %pad/s 35;
    %pad/s 37;
    %muli 4, 0, 37;
    %pad/s 38;
    %load/vec4 v0x6000016d86c0_0;
    %pad/s 33;
    %subi 1, 0, 33;
    %pad/s 38;
    %add;
    %ix/vec4/s 4;
    %load/vec4a v0x6000016d9290, 4;
    %load/vec4 v0x6000016d93b0_0;
    %pad/s 35;
    %pad/s 37;
    %muli 4, 0, 37;
    %pad/s 38;
    %load/vec4 v0x6000016d86c0_0;
    %pad/s 38;
    %add;
    %ix/vec4/s 4;
    %store/vec4a v0x6000016d9290, 4, 0;
    ; show_stmt_assign_vector: Get l-value for compressed -= operand
    %load/vec4 v0x6000016d86c0_0;
    %pushi/vec4 1, 0, 32;
    %sub;
    %store/vec4 v0x6000016d86c0_0, 0, 32;
    %jmp T_4.12;
T_4.13 ;
    %end;
    .scope S_0x134e0ea40;
t_10 %join;
    %load/vec4 v0x6000016d9200_0;
    %load/vec4 v0x6000016d93b0_0;
    %pad/s 35;
    %pad/s 37;
    %muli 4, 0, 37;
    %ix/vec4/s 4;
    %store/vec4a v0x6000016d9290, 4, 0;
T_4.10 ;
    ; show_stmt_assign_vector: Get l-value for compressed += operand
    %load/vec4 v0x6000016d8750_0;
    %pushi/vec4 1, 0, 32;
    %add;
    %store/vec4 v0x6000016d8750_0, 0, 32;
    %jmp T_4.8;
T_4.9 ;
    %end;
    .scope S_0x134e089b0;
t_8 %join;
    %load/vec4 v0x6000016d93b0_0;
    %pad/s 35;
    %pad/s 37;
    %muli 4, 0, 37;
    %ix/vec4/s 4;
    %load/vec4a v0x6000016d9290, 4;
    %vpi_call 2 87 "$display", "%b", S<0,vec4,s32> {1 0 0};
    %load/vec4 v0x6000016d93b0_0;
    %pad/s 35;
    %pad/s 37;
    %muli 4, 0, 37;
    %pad/s 38;
    %pushi/vec4 1, 0, 2;
    %pad/s 38;
    %add;
    %ix/vec4/s 4;
    %load/vec4a v0x6000016d9290, 4;
    %vpi_call 2 88 "$display", "%b", S<0,vec4,s32> {1 0 0};
    %load/vec4 v0x6000016d93b0_0;
    %pad/s 35;
    %pad/s 37;
    %muli 4, 0, 37;
    %pad/s 38;
    %pushi/vec4 2, 0, 3;
    %pad/s 38;
    %add;
    %ix/vec4/s 4;
    %load/vec4a v0x6000016d9290, 4;
    %vpi_call 2 89 "$display", "%b", S<0,vec4,s32> {1 0 0};
    %load/vec4 v0x6000016d93b0_0;
    %pad/s 35;
    %pad/s 37;
    %muli 4, 0, 37;
    %pad/s 38;
    %pushi/vec4 3, 0, 3;
    %pad/s 38;
    %add;
    %ix/vec4/s 4;
    %load/vec4a v0x6000016d9290, 4;
    %vpi_call 2 90 "$display", "%b", S<0,vec4,s32> {1 0 0};
    %jmp T_4.5;
T_4.4 ;
    %load/vec4 v0x6000016d9320_0;
    %pad/u 32;
    %cmpi/e 0, 0, 32;
    %jmp/0xz  T_4.14, 4;
    %load/vec4 v0x6000016d93b0_0;
    %pad/s 35;
    %pad/s 37;
    %muli 4, 0, 37;
    %pad/s 38;
    %load/vec4 v0x6000016d93b0_0;
    %pad/s 35;
    %pad/s 37;
    %muli 4, 0, 37;
    %pad/s 38;
    %load/vec4 v0x6000016d90e0_0;
    %pad/s 33;
    %subi 1, 0, 33;
    %pad/s 38;
    %add;
    %ix/vec4/s 5;
    %load/vec4a v0x6000016d9290, 5;
    %pad/s 38;
    %add;
    %ix/vec4/s 4;
    %load/vec4a v0x6000016d9050, 4;
    %parti/s 1, 27, 6;
    %flag_set/vec4 8;
    %jmp/0xz  T_4.16, 8;
    %load/vec4 v0x6000016d9560_0;
    %store/vec4 v0x6000016d8d80_0, 0, 32;
    %load/vec4 v0x6000016d93b0_0;
    %pad/s 35;
    %pad/s 37;
    %muli 4, 0, 37;
    %pad/s 38;
    %load/vec4 v0x6000016d93b0_0;
    %pad/s 35;
    %pad/s 37;
    %muli 4, 0, 37;
    %pad/s 38;
    %load/vec4 v0x6000016d90e0_0;
    %pad/s 33;
    %subi 1, 0, 33;
    %pad/s 38;
    %add;
    %ix/vec4/s 5;
    %load/vec4a v0x6000016d9290, 5;
    %pad/s 38;
    %add;
    %ix/vec4/s 4;
    %load/vec4a v0x6000016d9050, 4;
    %parti/s 26, 0, 2;
    %ix/load 4, 6, 0;
    %flag_set/imm 4, 0;
    %store/vec4 v0x6000016d8d80_0, 4, 26;
    %fork t_13, S_0x134e0ed20;
    %jmp t_12;
    .scope S_0x134e0ed20;
t_13 ;
    %pushi/vec4 0, 0, 32;
    %store/vec4 v0x6000016d8870_0, 0, 32;
T_4.18 ;
    %load/vec4 v0x6000016d8870_0;
    %cmpi/s 8, 0, 32;
    %jmp/0xz T_4.19, 5;
    %fork t_15, S_0x134e0ee90;
    %jmp t_14;
    .scope S_0x134e0ee90;
t_15 ;
    %pushi/vec4 0, 0, 32;
    %store/vec4 v0x6000016d87e0_0, 0, 32;
T_4.20 ;
    %load/vec4 v0x6000016d87e0_0;
    %cmpi/s 8, 0, 32;
    %jmp/0xz T_4.21, 5;
    %load/vec4 v0x6000016d93b0_0;
    %pad/s 35;
    %pad/s 37;
    %muli 4, 0, 37;
    %pad/s 38;
    %load/vec4 v0x6000016d9200_0;
    %pad/s 38;
    %add;
    %ix/vec4/s 4;
    %load/vec4a v0x6000016d8fc0, 4;
    %load/vec4 v0x6000016d8870_0;
    %muli 8, 0, 32;
    %load/vec4 v0x6000016d87e0_0;
    %add;
    %part/s 1;
    %ix/getv/s 4, v0x6000016d87e0_0;
    %store/vec4 v0x6000016d8f30_0, 4, 1;
    ; show_stmt_assign_vector: Get l-value for compressed += operand
    %load/vec4 v0x6000016d87e0_0;
    %pushi/vec4 1, 0, 32;
    %add;
    %store/vec4 v0x6000016d87e0_0, 0, 32;
    %jmp T_4.20;
T_4.21 ;
    %end;
    .scope S_0x134e0ed20;
t_14 %join;
    %load/vec4 v0x6000016d8870_0;
    %pad/s 3;
    %ix/load 4, 0, 0;
    %flag_set/imm 4, 0;
    %store/vec4 v0x6000016d8d80_0, 4, 3;
    %pushi/vec4 1, 0, 1;
    %store/vec4 v0x6000016d94d0_0, 0, 1;
    %pushi/vec4 0, 0, 1;
    %store/vec4 v0x6000016d94d0_0, 0, 1;
    ; show_stmt_assign_vector: Get l-value for compressed += operand
    %load/vec4 v0x6000016d8870_0;
    %pushi/vec4 1, 0, 32;
    %add;
    %store/vec4 v0x6000016d8870_0, 0, 32;
    %jmp T_4.18;
T_4.19 ;
    %end;
    .scope S_0x134e089b0;
t_12 %join;
T_4.16 ;
    %load/vec4 v0x6000016d9560_0;
    %store/vec4 v0x6000016d8d80_0, 0, 32;
    %fork t_17, S_0x134e0f000;
    %jmp t_16;
    .scope S_0x134e0f000;
t_17 ;
    %pushi/vec4 0, 0, 32;
    %store/vec4 v0x6000016d8990_0, 0, 32;
T_4.22 ;
    %load/vec4 v0x6000016d8990_0;
    %cmpi/s 8, 0, 32;
    %jmp/0xz T_4.23, 5;
    %load/vec4 v0x6000016d8990_0;
    %pad/s 3;
    %ix/load 4, 0, 0;
    %flag_set/imm 4, 0;
    %store/vec4 v0x6000016d8d80_0, 4, 3;
    %fork t_19, S_0x134e0f170;
    %jmp t_18;
    .scope S_0x134e0f170;
t_19 ;
    %pushi/vec4 0, 0, 32;
    %store/vec4 v0x6000016d8900_0, 0, 32;
T_4.24 ;
    %load/vec4 v0x6000016d8900_0;
    %cmpi/s 8, 0, 32;
    %jmp/0xz T_4.25, 5;
    %load/vec4 v0x6000016d9710_0;
    %load/vec4 v0x6000016d8900_0;
    %part/s 1;
    %load/vec4 v0x6000016d93b0_0;
    %pad/s 35;
    %pad/s 37;
    %muli 4, 0, 37;
    %pad/s 38;
    %load/vec4 v0x6000016d9200_0;
    %pad/s 38;
    %add;
    %ix/vec4/s 4;
    %flag_mov 8, 4;
    %load/vec4 v0x6000016d8990_0;
    %muli 8, 0, 32;
    %load/vec4 v0x6000016d8900_0;
    %add;
    %ix/vec4/s 5;
    %flag_or 4, 8;
    %store/vec4a v0x6000016d8fc0, 4, 5;
    ; show_stmt_assign_vector: Get l-value for compressed += operand
    %load/vec4 v0x6000016d8900_0;
    %pushi/vec4 1, 0, 32;
    %add;
    %store/vec4 v0x6000016d8900_0, 0, 32;
    %jmp T_4.24;
T_4.25 ;
    %end;
    .scope S_0x134e0f000;
t_18 %join;
    ; show_stmt_assign_vector: Get l-value for compressed += operand
    %load/vec4 v0x6000016d8990_0;
    %pushi/vec4 1, 0, 32;
    %add;
    %store/vec4 v0x6000016d8990_0, 0, 32;
    %jmp T_4.22;
T_4.23 ;
    %end;
    .scope S_0x134e089b0;
t_16 %join;
    %load/vec4 v0x6000016d9440_0;
    %pad/u 32;
    %cmpi/e 0, 0, 32;
    %jmp/0xz  T_4.26, 4;
    %fork t_21, S_0x134e04740;
    %jmp t_20;
    .scope S_0x134e04740;
t_21 ;
    %pushi/vec4 0, 0, 32;
    %store/vec4 v0x6000016d8480_0, 0, 32;
T_4.28 ;
    %load/vec4 v0x6000016d8480_0;
    %cmpi/s 8, 0, 32;
    %jmp/0xz T_4.29, 5;
    %load/vec4 v0x6000016d93b0_0;
    %pad/s 35;
    %pad/s 37;
    %muli 4, 0, 37;
    %pad/s 38;
    %load/vec4 v0x6000016d9200_0;
    %pad/s 38;
    %add;
    %ix/vec4/s 4;
    %load/vec4a v0x6000016d8fc0, 4;
    %load/vec4 v0x6000016d95f0_0;
    %muli 8, 0, 32;
    %load/vec4 v0x6000016d8480_0;
    %add;
    %part/s 1;
    %ix/getv/s 4, v0x6000016d8480_0;
    %store/vec4 v0x6000016d98c0_0, 4, 1;
    ; show_stmt_assign_vector: Get l-value for compressed += operand
    %load/vec4 v0x6000016d8480_0;
    %pushi/vec4 1, 0, 32;
    %add;
    %store/vec4 v0x6000016d8480_0, 0, 32;
    %jmp T_4.28;
T_4.29 ;
    %end;
    .scope S_0x134e089b0;
t_20 %join;
T_4.26 ;
T_4.14 ;
T_4.5 ;
    %load/vec4 v0x6000016d9440_0;
    %flag_set/vec4 8;
    %jmp/0xz  T_4.30, 8;
    %fork t_23, S_0x134e04e70;
    %jmp t_22;
    .scope S_0x134e04e70;
t_23 ;
    %pushi/vec4 0, 0, 32;
    %store/vec4 v0x6000016d8510_0, 0, 32;
T_4.32 ;
    %load/vec4 v0x6000016d8510_0;
    %cmpi/s 8, 0, 32;
    %jmp/0xz T_4.33, 5;
    %load/vec4 v0x6000016d9950_0;
    %load/vec4 v0x6000016d8510_0;
    %part/s 1;
    %load/vec4 v0x6000016d93b0_0;
    %pad/s 35;
    %pad/s 37;
    %muli 4, 0, 37;
    %pad/s 38;
    %load/vec4 v0x6000016d9200_0;
    %pad/s 38;
    %add;
    %ix/vec4/s 4;
    %flag_mov 8, 4;
    %load/vec4 v0x6000016d95f0_0;
    %muli 8, 0, 32;
    %load/vec4 v0x6000016d8510_0;
    %add;
    %ix/vec4/s 5;
    %flag_or 4, 8;
    %store/vec4a v0x6000016d8fc0, 4, 5;
    ; show_stmt_assign_vector: Get l-value for compressed += operand
    %load/vec4 v0x6000016d8510_0;
    %pushi/vec4 1, 0, 32;
    %add;
    %store/vec4 v0x6000016d8510_0, 0, 32;
    %jmp T_4.32;
T_4.33 ;
    %end;
    .scope S_0x134e089b0;
t_22 %join;
    %pushi/vec4 1, 0, 1;
    %load/vec4 v0x6000016d93b0_0;
    %pad/s 35;
    %pad/s 37;
    %muli 4, 0, 37;
    %pad/s 38;
    %load/vec4 v0x6000016d9200_0;
    %pad/s 38;
    %add;
    %ix/vec4/s 4;
    %flag_mov 8, 4;
    %ix/load 5, 26, 0;
    %flag_set/imm 4, 0;
    %flag_or 4, 8;
    %store/vec4a v0x6000016d9050, 4, 5;
T_4.30 ;
    ; show_stmt_assign_vector: Get l-value for compressed += operand
    %load/vec4 v0x6000016d9cb0_0;
    %pushi/vec4 1, 0, 32;
    %add;
    %store/vec4 v0x6000016d9cb0_0, 0, 32;
    %load/vec4 v0x6000016d9320_0;
    %flag_set/vec4 8;
    %jmp/0xz  T_4.34, 8;
    ; show_stmt_assign_vector: Get l-value for compressed += operand
    %load/vec4 v0x6000016d9a70_0;
    %pushi/vec4 1, 0, 32;
    %add;
    %store/vec4 v0x6000016d9a70_0, 0, 32;
T_4.34 ;
    %jmp T_4;
    .thread T_4;
    .scope S_0x134e0e060;
T_5 ;
    %vpi_call 2 136 "$dumpfile", "tb.vcd" {0 0 0};
    %vpi_call 2 137 "$dumpvars", 32'sb00000000000000000000000000000000, S_0x134e0e060 {0 0 0};
    %pushi/vec4 0, 0, 32;
    %store/vec4 v0x6000016d9a70_0, 0, 32;
    %pushi/vec4 0, 0, 32;
    %store/vec4 v0x6000016d9cb0_0, 0, 32;
    %pushi/vec4 0, 0, 1;
    %store/vec4 v0x6000016d99e0_0, 0, 1;
    %pushi/vec4 9, 0, 8;
    %store/vec4 v0x6000016d9d40_0, 0, 8;
    %pushi/vec4 1, 0, 1;
    %store/vec4 v0x6000016d9b00_0, 0, 1;
    %pushi/vec4 33562502, 0, 32;
    %store/vec4 v0x6000016d9b90_0, 0, 32;
    %delay 10, 0;
    %load/vec4 v0x6000016d99e0_0;
    %inv;
    %store/vec4 v0x6000016d99e0_0, 0, 1;
    %delay 10, 0;
    %load/vec4 v0x6000016d99e0_0;
    %inv;
    %store/vec4 v0x6000016d99e0_0, 0, 1;
    %pushi/vec4 33562502, 0, 32;
    %store/vec4 v0x6000016d9b90_0, 0, 32;
    %delay 10, 0;
    %load/vec4 v0x6000016d99e0_0;
    %inv;
    %store/vec4 v0x6000016d99e0_0, 0, 1;
    %delay 10, 0;
    %load/vec4 v0x6000016d99e0_0;
    %inv;
    %store/vec4 v0x6000016d99e0_0, 0, 1;
    %vpi_call 2 153 "$display", "Hits: %d", v0x6000016d9a70_0 {0 0 0};
    %vpi_call 2 154 "$display", "Total: %d", v0x6000016d9cb0_0 {0 0 0};
    %end;
    .thread T_5;
# The file index is used to find the file name in the following table.
:file_names 4;
    "N/A";
    "<interactive>";
    "CacheController.v";
    "./MainMemory.v";
