#! /opt/homebrew/Cellar/icarus-verilog/11.0/bin/vvp
:ivl_version "11.0 (stable)";
:ivl_delay_selection "TYPICAL";
:vpi_time_precision + 0;
:vpi_module "/opt/homebrew/Cellar/icarus-verilog/11.0/lib/ivl/system.vpi";
:vpi_module "/opt/homebrew/Cellar/icarus-verilog/11.0/lib/ivl/vhdl_sys.vpi";
:vpi_module "/opt/homebrew/Cellar/icarus-verilog/11.0/lib/ivl/vhdl_textio.vpi";
:vpi_module "/opt/homebrew/Cellar/icarus-verilog/11.0/lib/ivl/v2005_math.vpi";
:vpi_module "/opt/homebrew/Cellar/icarus-verilog/11.0/lib/ivl/va_math.vpi";
S_0x157e08b90 .scope module, "maintb" "maintb" 2 3;
 .timescale 0 0;
v0x600002819b00_0 .var "clk", 0 0;
v0x600002819b90_0 .var/i "hitno", 31 0;
v0x600002819c20_0 .var "isWrite_tb", 0 0;
v0x600002819cb0_0 .var "memoryAddress_tb", 31 0;
v0x600002819d40_0 .net "outputdata_tb", 7 0, L_0x60000311a4c0;  1 drivers
v0x600002819dd0_0 .var/i "totalno", 31 0;
v0x600002819e60_0 .var "writeValue_tb", 7 0;
S_0x157e08d00 .scope module, "c1" "CacheController" 2 14, 3 3 0, S_0x157e08b90;
 .timescale 0 0;
    .port_info 0 /INPUT 32 "memoryAddress";
    .port_info 1 /INPUT 8 "writeValue";
    .port_info 2 /INPUT 1 "isWrite";
    .port_info 3 /INPUT 1 "clk";
    .port_info 4 /OUTPUT 8 "outputdata";
P_0x157e045d0 .param/l "Associativity" 0 3 11, +C4<00000000000000000000000000000100>;
P_0x157e04610 .param/l "Blocks" 0 3 12, +C4<00000000000000000000000000001000>;
P_0x157e04650 .param/l "log" 0 3 15, +C4<00000000000000000000000000000001>;
P_0x157e04690 .param/l "no_of_columns" 0 3 14, +C4<00000000000000000000000000000100>;
P_0x157e046d0 .param/l "no_of_rows" 0 3 13, +C4<00000000000000000000000000000010>;
L_0x60000311a4c0 .functor BUFZ 8, v0x6000028199e0_0, C4<00000000>, C4<00000000>, C4<00000000>;
v0x6000028190e0_0 .var "Address", 31 0;
v0x600002819170_0 .var "Data", 7 0;
v0x600002819200 .array "DataArray", 7 0, 63 0;
v0x600002819290 .array "TagArray", 7 0, 29 0;
v0x600002819320_0 .net "clk", 0 0, v0x600002819b00_0;  1 drivers
v0x6000028193b0_0 .var/i "column", 31 0;
v0x600002819440 .array/i "frequency", 7 0, 31 0;
v0x6000028194d0_0 .var/2u "hitbit", 0 0;
v0x600002819560_0 .var/i "index", 31 0;
v0x6000028195f0_0 .net "isWrite", 0 0, v0x600002819c20_0;  1 drivers
v0x600002819680_0 .var "ismemWrite", 0 0;
v0x600002819710_0 .net "memoryAddress", 31 0, v0x600002819cb0_0;  1 drivers
v0x6000028197a0_0 .var/i "offset", 31 0;
v0x600002819830_0 .net "outputdata", 7 0, L_0x60000311a4c0;  alias, 1 drivers
o0x148040370 .functor BUFZ 8, C4<zzzzzzzz>; HiZ drive
v0x6000028198c0_0 .net "outputmem", 7 0, o0x148040370;  0 drivers
v0x600002819950_0 .var/i "tag", 31 0;
v0x6000028199e0_0 .var "tempout", 7 0;
v0x600002819a70_0 .net "writeValue", 7 0, v0x600002819e60_0;  1 drivers
E_0x6000014114d0 .event posedge, v0x600002819320_0;
S_0x157e04710 .scope begin, "$ivl_for_loop0" "$ivl_for_loop0" 3 34, 3 34 0, S_0x157e08d00;
 .timescale 0 0;
v0x600002818480_0 .var/i "i", 31 0;
S_0x157e04e70 .scope begin, "$ivl_for_loop1" "$ivl_for_loop1" 3 35, 3 35 0, S_0x157e04710;
 .timescale 0 0;
v0x600002818630_0 .var/i "j", 31 0;
S_0x157e04fe0 .scope begin, "$ivl_for_loop10" "$ivl_for_loop10" 3 99, 3 99 0, S_0x157e08d00;
 .timescale 0 0;
v0x6000028186c0_0 .var/i "i", 31 0;
S_0x157e0e360 .scope begin, "$ivl_for_loop11" "$ivl_for_loop11" 3 103, 3 103 0, S_0x157e08d00;
 .timescale 0 0;
v0x600002818870_0 .var/i "j", 31 0;
S_0x157e0e4d0 .scope begin, "$ivl_for_loop12" "$ivl_for_loop12" 3 107, 3 107 0, S_0x157e08d00;
 .timescale 0 0;
v0x6000028187e0_0 .var/i "i", 31 0;
S_0x157e0e7c0 .scope begin, "$ivl_for_loop2" "$ivl_for_loop2" 3 64, 3 64 0, S_0x157e08d00;
 .timescale 0 0;
v0x600002818900_0 .var/i "i", 31 0;
S_0x157e0e930 .scope begin, "$ivl_for_loop3" "$ivl_for_loop3" 3 71, 3 71 0, S_0x157e08d00;
 .timescale 0 0;
v0x600002818990_0 .var/i "i", 31 0;
S_0x157e0eaa0 .scope begin, "$ivl_for_loop4" "$ivl_for_loop4" 3 74, 3 74 0, S_0x157e08d00;
 .timescale 0 0;
v0x600002818ab0_0 .var/i "i", 31 0;
S_0x157e0ec10 .scope begin, "$ivl_for_loop5" "$ivl_for_loop5" 3 76, 3 76 0, S_0x157e0eaa0;
 .timescale 0 0;
v0x600002818a20_0 .var/i "j", 31 0;
S_0x157e0ed80 .scope begin, "$ivl_for_loop6" "$ivl_for_loop6" 3 86, 3 86 0, S_0x157e08d00;
 .timescale 0 0;
v0x600002818bd0_0 .var/i "i", 31 0;
S_0x157e0eef0 .scope begin, "$ivl_for_loop7" "$ivl_for_loop7" 3 87, 3 87 0, S_0x157e0ed80;
 .timescale 0 0;
v0x600002818b40_0 .var/i "j", 31 0;
S_0x157e0f060 .scope begin, "$ivl_for_loop8" "$ivl_for_loop8" 3 94, 3 94 0, S_0x157e08d00;
 .timescale 0 0;
v0x600002818cf0_0 .var/i "i", 31 0;
S_0x157e0f1d0 .scope begin, "$ivl_for_loop9" "$ivl_for_loop9" 3 96, 3 96 0, S_0x157e0f060;
 .timescale 0 0;
v0x600002818c60_0 .var/i "j", 31 0;
S_0x157e0f340 .scope module, "m1" "MainMemory" 3 50, 4 1 0, S_0x157e08d00;
 .timescale 0 0;
    .port_info 0 /INPUT 32 "Address";
    .port_info 1 /INPUT 8 "Data";
    .port_info 2 /INPUT 1 "ismemWrite";
    .port_info 3 /OUTPUT 8 "outputmem";
v0x600002818d80_0 .net "Address", 31 0, v0x6000028190e0_0;  1 drivers
v0x600002818e10_0 .var "Address_last8bits", 7 0;
v0x600002818ea0_0 .net "Data", 7 0, v0x600002819170_0;  1 drivers
v0x600002818f30_0 .net "ismemWrite", 0 0, v0x600002819680_0;  1 drivers
v0x600002818fc0_0 .net "outputdata", 0 0, L_0x600002b18f00;  1 drivers
v0x600002819050_0 .net "outputmem", 7 0, o0x148040370;  alias, 0 drivers
E_0x6000014113b0 .event edge, v0x600002818f30_0, v0x600002818d80_0;
L_0x600002b18f00 .part v0x600002818e10_0, 0, 1;
    .scope S_0x157e0f340;
T_0 ;
    %wait E_0x6000014113b0;
    %load/vec4 v0x600002818f30_0;
    %flag_set/vec4 8;
    %jmp/0xz  T_0.0, 8;
    %pushi/vec4 0, 0, 8;
    %assign/vec4 v0x600002818e10_0, 0;
    %jmp T_0.1;
T_0.0 ;
    %load/vec4 v0x600002818d80_0;
    %parti/s 8, 0, 2;
    %assign/vec4 v0x600002818e10_0, 0;
T_0.1 ;
    %jmp T_0;
    .thread T_0, $push;
    .scope S_0x157e08d00;
T_1 ;
    %vpi_call 3 32 "$display", P_0x157e046d0 {0 0 0};
    %vpi_call 3 33 "$display", P_0x157e04690 {0 0 0};
    %fork t_1, S_0x157e04710;
    %jmp t_0;
    .scope S_0x157e04710;
t_1 ;
    %pushi/vec4 0, 0, 32;
    %store/vec4 v0x600002818480_0, 0, 32;
T_1.0 ;
    %load/vec4 v0x600002818480_0;
    %cmpi/s 2, 0, 32;
    %jmp/0xz T_1.1, 5;
    %fork t_3, S_0x157e04e70;
    %jmp t_2;
    .scope S_0x157e04e70;
t_3 ;
    %pushi/vec4 0, 0, 32;
    %store/vec4 v0x600002818630_0, 0, 32;
T_1.2 ;
    %load/vec4 v0x600002818630_0;
    %cmpi/s 4, 0, 32;
    %jmp/0xz T_1.3, 5;
    %pushi/vec4 0, 0, 30;
    %load/vec4 v0x600002818480_0;
    %pad/s 35;
    %pad/s 37;
    %muli 4, 0, 37;
    %pad/s 38;
    %load/vec4 v0x600002818630_0;
    %pad/s 38;
    %add;
    %ix/vec4/s 4;
    %store/vec4a v0x600002819290, 4, 0;
    %pushi/vec4 0, 0, 64;
    %load/vec4 v0x600002818480_0;
    %pad/s 35;
    %pad/s 37;
    %muli 4, 0, 37;
    %pad/s 38;
    %load/vec4 v0x600002818630_0;
    %pad/s 38;
    %add;
    %ix/vec4/s 4;
    %store/vec4a v0x600002819200, 4, 0;
    %load/vec4 v0x600002818630_0;
    %load/vec4 v0x600002818480_0;
    %pad/s 35;
    %pad/s 37;
    %muli 4, 0, 37;
    %pad/s 38;
    %load/vec4 v0x600002818630_0;
    %pad/s 38;
    %add;
    %ix/vec4/s 4;
    %store/vec4a v0x600002819440, 4, 0;
    ; show_stmt_assign_vector: Get l-value for compressed += operand
    %load/vec4 v0x600002818630_0;
    %pushi/vec4 1, 0, 32;
    %add;
    %store/vec4 v0x600002818630_0, 0, 32;
    %jmp T_1.2;
T_1.3 ;
    %end;
    .scope S_0x157e04710;
t_2 %join;
    ; show_stmt_assign_vector: Get l-value for compressed += operand
    %load/vec4 v0x600002818480_0;
    %pushi/vec4 1, 0, 32;
    %add;
    %store/vec4 v0x600002818480_0, 0, 32;
    %jmp T_1.0;
T_1.1 ;
    %end;
    .scope S_0x157e08d00;
t_0 %join;
    %end;
    .thread T_1;
    .scope S_0x157e08d00;
T_2 ;
    %pushi/vec4 0, 0, 32;
    %store/vec4 v0x6000028190e0_0, 0, 32;
    %pushi/vec4 0, 0, 8;
    %store/vec4 v0x600002819170_0, 0, 8;
    %pushi/vec4 0, 0, 1;
    %store/vec4 v0x600002819680_0, 0, 1;
    %end;
    .thread T_2;
    .scope S_0x157e08d00;
T_3 ;
    %wait E_0x6000014114d0;
    %load/vec4 v0x600002819710_0;
    %parti/s 3, 0, 2;
    %pad/u 32;
    %store/vec4 v0x6000028197a0_0, 0, 32;
    %load/vec4 v0x600002819710_0;
    %parti/s 1, 3, 3;
    %pad/u 32;
    %store/vec4 v0x600002819560_0, 0, 32;
    %load/vec4 v0x600002819710_0;
    %parti/s 28, 4, 4;
    %pad/u 32;
    %store/vec4 v0x600002819950_0, 0, 32;
    %pushi/vec4 0, 0, 1;
    %store/vec4 v0x6000028194d0_0, 0, 1;
    %pushi/vec4 0, 0, 32;
    %store/vec4 v0x6000028193b0_0, 0, 32;
    %fork t_5, S_0x157e0e7c0;
    %jmp t_4;
    .scope S_0x157e0e7c0;
t_5 ;
    %pushi/vec4 0, 0, 32;
    %store/vec4 v0x600002818900_0, 0, 32;
T_3.0 ;
    %load/vec4 v0x600002818900_0;
    %cmpi/s 4, 0, 32;
    %jmp/0xz T_3.1, 5;
    %load/vec4 v0x600002819560_0;
    %pad/s 35;
    %pad/s 37;
    %muli 4, 0, 37;
    %pad/s 38;
    %load/vec4 v0x600002818900_0;
    %pad/s 38;
    %add;
    %ix/vec4/s 4;
    %load/vec4a v0x600002819290, 4;
    %parti/s 28, 0, 2;
    %pad/u 32;
    %load/vec4 v0x600002819950_0;
    %cmp/e;
    %flag_get/vec4 4;
    %load/vec4 v0x600002819560_0;
    %pad/s 35;
    %pad/s 37;
    %muli 4, 0, 37;
    %pad/s 38;
    %load/vec4 v0x600002818900_0;
    %pad/s 38;
    %add;
    %ix/vec4/s 4;
    %load/vec4a v0x600002819290, 4;
    %parti/s 1, 28, 6;
    %pad/u 32;
    %pushi/vec4 1, 0, 32;
    %cmp/e;
    %flag_get/vec4 4;
    %and;
    %flag_set/vec4 8;
    %jmp/0xz  T_3.2, 8;
    %pushi/vec4 1, 0, 1;
    %store/vec4 v0x6000028194d0_0, 0, 1;
    %load/vec4 v0x600002818900_0;
    %store/vec4 v0x6000028193b0_0, 0, 32;
T_3.2 ;
    ; show_stmt_assign_vector: Get l-value for compressed += operand
    %load/vec4 v0x600002818900_0;
    %pushi/vec4 1, 0, 32;
    %add;
    %store/vec4 v0x600002818900_0, 0, 32;
    %jmp T_3.0;
T_3.1 ;
    %end;
    .scope S_0x157e08d00;
t_4 %join;
    %load/vec4 v0x6000028195f0_0;
    %pad/u 32;
    %pushi/vec4 0, 0, 32;
    %cmp/e;
    %flag_get/vec4 4;
    %load/vec4 v0x6000028194d0_0;
    %pad/u 32;
    %pushi/vec4 1, 0, 32;
    %cmp/e;
    %flag_get/vec4 4;
    %and;
    %flag_set/vec4 8;
    %jmp/0xz  T_3.4, 8;
    %fork t_7, S_0x157e0e930;
    %jmp t_6;
    .scope S_0x157e0e930;
t_7 ;
    %pushi/vec4 0, 0, 32;
    %store/vec4 v0x600002818990_0, 0, 32;
T_3.6 ;
    %load/vec4 v0x600002818990_0;
    %cmpi/s 8, 0, 32;
    %jmp/0xz T_3.7, 5;
    %load/vec4 v0x600002819560_0;
    %pad/s 35;
    %pad/s 37;
    %muli 4, 0, 37;
    %pad/s 38;
    %load/vec4 v0x6000028193b0_0;
    %pad/s 38;
    %add;
    %ix/vec4/s 4;
    %load/vec4a v0x600002819200, 4;
    %load/vec4 v0x6000028197a0_0;
    %muli 8, 0, 32;
    %load/vec4 v0x600002818990_0;
    %add;
    %part/s 1;
    %ix/getv/s 4, v0x600002818990_0;
    %store/vec4 v0x6000028199e0_0, 4, 1;
    ; show_stmt_assign_vector: Get l-value for compressed += operand
    %load/vec4 v0x600002818990_0;
    %pushi/vec4 1, 0, 32;
    %add;
    %store/vec4 v0x600002818990_0, 0, 32;
    %jmp T_3.6;
T_3.7 ;
    %end;
    .scope S_0x157e08d00;
t_6 %join;
    %fork t_9, S_0x157e0eaa0;
    %jmp t_8;
    .scope S_0x157e0eaa0;
t_9 ;
    %pushi/vec4 0, 0, 32;
    %store/vec4 v0x600002818ab0_0, 0, 32;
T_3.8 ;
    %load/vec4 v0x600002818ab0_0;
    %cmpi/s 4, 0, 32;
    %jmp/0xz T_3.9, 5;
    %load/vec4 v0x600002819560_0;
    %pad/s 35;
    %pad/s 37;
    %muli 4, 0, 37;
    %pad/s 38;
    %load/vec4 v0x600002818ab0_0;
    %pad/s 38;
    %add;
    %ix/vec4/s 4;
    %load/vec4a v0x600002819440, 4;
    %load/vec4 v0x6000028193b0_0;
    %cmp/e;
    %jmp/0xz  T_3.10, 4;
    %fork t_11, S_0x157e0ec10;
    %jmp t_10;
    .scope S_0x157e0ec10;
t_11 ;
    %load/vec4 v0x600002818ab0_0;
    %store/vec4 v0x600002818a20_0, 0, 32;
T_3.12 ;
    %load/vec4 v0x600002818a20_0;
    %cmpi/s 0, 0, 32;
    %flag_or 5, 4; GT is !LE
    %flag_inv 5;
    %jmp/0xz T_3.13, 5;
    %load/vec4 v0x600002819560_0;
    %pad/s 35;
    %pad/s 37;
    %muli 4, 0, 37;
    %pad/s 38;
    %load/vec4 v0x600002818a20_0;
    %pad/s 33;
    %subi 1, 0, 33;
    %pad/s 38;
    %add;
    %ix/vec4/s 4;
    %load/vec4a v0x600002819440, 4;
    %load/vec4 v0x600002819560_0;
    %pad/s 35;
    %pad/s 37;
    %muli 4, 0, 37;
    %pad/s 38;
    %load/vec4 v0x600002818a20_0;
    %pad/s 38;
    %add;
    %ix/vec4/s 4;
    %store/vec4a v0x600002819440, 4, 0;
    ; show_stmt_assign_vector: Get l-value for compressed -= operand
    %load/vec4 v0x600002818a20_0;
    %pushi/vec4 1, 0, 32;
    %sub;
    %store/vec4 v0x600002818a20_0, 0, 32;
    %jmp T_3.12;
T_3.13 ;
    %end;
    .scope S_0x157e0eaa0;
t_10 %join;
    %load/vec4 v0x6000028193b0_0;
    %load/vec4 v0x600002819560_0;
    %pad/s 35;
    %pad/s 37;
    %muli 4, 0, 37;
    %ix/vec4/s 4;
    %store/vec4a v0x600002819440, 4, 0;
T_3.10 ;
    ; show_stmt_assign_vector: Get l-value for compressed += operand
    %load/vec4 v0x600002818ab0_0;
    %pushi/vec4 1, 0, 32;
    %add;
    %store/vec4 v0x600002818ab0_0, 0, 32;
    %jmp T_3.8;
T_3.9 ;
    %end;
    .scope S_0x157e08d00;
t_8 %join;
    %jmp T_3.5;
T_3.4 ;
    %load/vec4 v0x6000028194d0_0;
    %pad/u 32;
    %cmpi/e 0, 0, 32;
    %jmp/0xz  T_3.14, 4;
    %load/vec4 v0x600002819560_0;
    %pad/s 35;
    %pad/s 37;
    %muli 4, 0, 37;
    %pad/s 38;
    %pushi/vec4 3, 0, 3;
    %pad/s 38;
    %add;
    %ix/vec4/s 4;
    %load/vec4a v0x600002819440, 4;
    %store/vec4 v0x6000028193b0_0, 0, 32;
    %load/vec4 v0x600002819560_0;
    %pad/s 35;
    %pad/s 37;
    %muli 4, 0, 37;
    %pad/s 38;
    %load/vec4 v0x6000028193b0_0;
    %pad/s 38;
    %add;
    %ix/vec4/s 4;
    %load/vec4a v0x600002819290, 4;
    %parti/s 1, 29, 6;
    %flag_set/vec4 8;
    %jmp/0xz  T_3.16, 8;
    %load/vec4 v0x600002819710_0;
    %store/vec4 v0x6000028190e0_0, 0, 32;
    %load/vec4 v0x600002819560_0;
    %pad/s 35;
    %pad/s 37;
    %muli 4, 0, 37;
    %pad/s 38;
    %load/vec4 v0x6000028193b0_0;
    %pad/s 38;
    %add;
    %ix/vec4/s 4;
    %load/vec4a v0x600002819290, 4;
    %parti/s 28, 0, 2;
    %ix/load 4, 4, 0;
    %flag_set/imm 4, 0;
    %store/vec4 v0x6000028190e0_0, 4, 28;
    %fork t_13, S_0x157e0ed80;
    %jmp t_12;
    .scope S_0x157e0ed80;
t_13 ;
    %pushi/vec4 0, 0, 32;
    %store/vec4 v0x600002818bd0_0, 0, 32;
T_3.18 ;
    %load/vec4 v0x600002818bd0_0;
    %cmpi/s 8, 0, 32;
    %jmp/0xz T_3.19, 5;
    %fork t_15, S_0x157e0eef0;
    %jmp t_14;
    .scope S_0x157e0eef0;
t_15 ;
    %pushi/vec4 0, 0, 32;
    %store/vec4 v0x600002818b40_0, 0, 32;
T_3.20 ;
    %load/vec4 v0x600002818b40_0;
    %cmpi/s 8, 0, 32;
    %jmp/0xz T_3.21, 5;
    %load/vec4 v0x600002819560_0;
    %pad/s 35;
    %pad/s 37;
    %muli 4, 0, 37;
    %pad/s 38;
    %load/vec4 v0x6000028193b0_0;
    %pad/s 38;
    %add;
    %ix/vec4/s 4;
    %load/vec4a v0x600002819200, 4;
    %load/vec4 v0x600002818bd0_0;
    %muli 8, 0, 32;
    %load/vec4 v0x600002818b40_0;
    %add;
    %part/s 1;
    %ix/getv/s 4, v0x600002818b40_0;
    %store/vec4 v0x600002819170_0, 4, 1;
    ; show_stmt_assign_vector: Get l-value for compressed += operand
    %load/vec4 v0x600002818b40_0;
    %pushi/vec4 1, 0, 32;
    %add;
    %store/vec4 v0x600002818b40_0, 0, 32;
    %jmp T_3.20;
T_3.21 ;
    %end;
    .scope S_0x157e0ed80;
t_14 %join;
    %load/vec4 v0x600002818bd0_0;
    %pad/s 3;
    %ix/load 4, 0, 0;
    %flag_set/imm 4, 0;
    %store/vec4 v0x6000028190e0_0, 4, 3;
    %pushi/vec4 1, 0, 1;
    %store/vec4 v0x600002819680_0, 0, 1;
    %pushi/vec4 0, 0, 1;
    %store/vec4 v0x600002819680_0, 0, 1;
    ; show_stmt_assign_vector: Get l-value for compressed += operand
    %load/vec4 v0x600002818bd0_0;
    %pushi/vec4 1, 0, 32;
    %add;
    %store/vec4 v0x600002818bd0_0, 0, 32;
    %jmp T_3.18;
T_3.19 ;
    %end;
    .scope S_0x157e08d00;
t_12 %join;
T_3.16 ;
    %load/vec4 v0x600002819710_0;
    %store/vec4 v0x6000028190e0_0, 0, 32;
    %fork t_17, S_0x157e0f060;
    %jmp t_16;
    .scope S_0x157e0f060;
t_17 ;
    %pushi/vec4 0, 0, 32;
    %store/vec4 v0x600002818cf0_0, 0, 32;
T_3.22 ;
    %load/vec4 v0x600002818cf0_0;
    %cmpi/s 8, 0, 32;
    %jmp/0xz T_3.23, 5;
    %load/vec4 v0x600002818cf0_0;
    %pad/s 3;
    %ix/load 4, 0, 0;
    %flag_set/imm 4, 0;
    %store/vec4 v0x6000028190e0_0, 4, 3;
    %fork t_19, S_0x157e0f1d0;
    %jmp t_18;
    .scope S_0x157e0f1d0;
t_19 ;
    %pushi/vec4 0, 0, 32;
    %store/vec4 v0x600002818c60_0, 0, 32;
T_3.24 ;
    %load/vec4 v0x600002818c60_0;
    %cmpi/s 8, 0, 32;
    %jmp/0xz T_3.25, 5;
    %load/vec4 v0x6000028198c0_0;
    %load/vec4 v0x600002818c60_0;
    %part/s 1;
    %load/vec4 v0x600002819560_0;
    %pad/s 35;
    %pad/s 37;
    %muli 4, 0, 37;
    %pad/s 38;
    %load/vec4 v0x6000028193b0_0;
    %pad/s 38;
    %add;
    %ix/vec4/s 4;
    %flag_mov 8, 4;
    %load/vec4 v0x600002818cf0_0;
    %muli 8, 0, 32;
    %load/vec4 v0x600002818c60_0;
    %add;
    %ix/vec4/s 5;
    %flag_or 4, 8;
    %store/vec4a v0x600002819200, 4, 5;
    ; show_stmt_assign_vector: Get l-value for compressed += operand
    %load/vec4 v0x600002818c60_0;
    %pushi/vec4 1, 0, 32;
    %add;
    %store/vec4 v0x600002818c60_0, 0, 32;
    %jmp T_3.24;
T_3.25 ;
    %end;
    .scope S_0x157e0f060;
t_18 %join;
    ; show_stmt_assign_vector: Get l-value for compressed += operand
    %load/vec4 v0x600002818cf0_0;
    %pushi/vec4 1, 0, 32;
    %add;
    %store/vec4 v0x600002818cf0_0, 0, 32;
    %jmp T_3.22;
T_3.23 ;
    %end;
    .scope S_0x157e08d00;
t_16 %join;
    %load/vec4 v0x6000028195f0_0;
    %pad/u 32;
    %cmpi/e 0, 0, 32;
    %jmp/0xz  T_3.26, 4;
    %fork t_21, S_0x157e04fe0;
    %jmp t_20;
    .scope S_0x157e04fe0;
t_21 ;
    %pushi/vec4 0, 0, 32;
    %store/vec4 v0x6000028186c0_0, 0, 32;
T_3.28 ;
    %load/vec4 v0x6000028186c0_0;
    %cmpi/s 8, 0, 32;
    %jmp/0xz T_3.29, 5;
    %load/vec4 v0x600002819560_0;
    %pad/s 35;
    %pad/s 37;
    %muli 4, 0, 37;
    %pad/s 38;
    %load/vec4 v0x6000028193b0_0;
    %pad/s 38;
    %add;
    %ix/vec4/s 4;
    %load/vec4a v0x600002819200, 4;
    %load/vec4 v0x6000028197a0_0;
    %muli 8, 0, 32;
    %load/vec4 v0x6000028186c0_0;
    %add;
    %part/s 1;
    %ix/getv/s 4, v0x6000028186c0_0;
    %store/vec4 v0x6000028199e0_0, 4, 1;
    ; show_stmt_assign_vector: Get l-value for compressed += operand
    %load/vec4 v0x6000028186c0_0;
    %pushi/vec4 1, 0, 32;
    %add;
    %store/vec4 v0x6000028186c0_0, 0, 32;
    %jmp T_3.28;
T_3.29 ;
    %end;
    .scope S_0x157e08d00;
t_20 %join;
T_3.26 ;
    %load/vec4 v0x600002819950_0;
    %pad/s 28;
    %load/vec4 v0x600002819560_0;
    %pad/s 35;
    %pad/s 37;
    %muli 4, 0, 37;
    %pad/s 38;
    %load/vec4 v0x6000028193b0_0;
    %pad/s 38;
    %add;
    %ix/vec4/s 4;
    %flag_mov 8, 4;
    %ix/load 5, 0, 0;
    %flag_set/imm 4, 0;
    %flag_or 4, 8;
    %store/vec4a v0x600002819290, 4, 5;
    %pushi/vec4 1, 0, 1;
    %load/vec4 v0x600002819560_0;
    %pad/s 35;
    %pad/s 37;
    %muli 4, 0, 37;
    %pad/s 38;
    %load/vec4 v0x6000028193b0_0;
    %pad/s 38;
    %add;
    %ix/vec4/s 4;
    %flag_mov 8, 4;
    %ix/load 5, 28, 0;
    %flag_set/imm 4, 0;
    %flag_or 4, 8;
    %store/vec4a v0x600002819290, 4, 5;
    %fork t_23, S_0x157e0e360;
    %jmp t_22;
    .scope S_0x157e0e360;
t_23 ;
    %pushi/vec4 3, 0, 32;
    %store/vec4 v0x600002818870_0, 0, 32;
T_3.30 ;
    %load/vec4 v0x600002818870_0;
    %cmpi/s 0, 0, 32;
    %flag_or 5, 4; GT is !LE
    %flag_inv 5;
    %jmp/0xz T_3.31, 5;
    %load/vec4 v0x600002819560_0;
    %pad/s 35;
    %pad/s 37;
    %muli 4, 0, 37;
    %pad/s 38;
    %load/vec4 v0x600002818870_0;
    %pad/s 33;
    %subi 1, 0, 33;
    %pad/s 38;
    %add;
    %ix/vec4/s 4;
    %load/vec4a v0x600002819440, 4;
    %load/vec4 v0x600002819560_0;
    %pad/s 35;
    %pad/s 37;
    %muli 4, 0, 37;
    %pad/s 38;
    %load/vec4 v0x600002818870_0;
    %pad/s 38;
    %add;
    %ix/vec4/s 4;
    %store/vec4a v0x600002819440, 4, 0;
    ; show_stmt_assign_vector: Get l-value for compressed -= operand
    %load/vec4 v0x600002818870_0;
    %pushi/vec4 1, 0, 32;
    %sub;
    %store/vec4 v0x600002818870_0, 0, 32;
    %jmp T_3.30;
T_3.31 ;
    %end;
    .scope S_0x157e08d00;
t_22 %join;
    %load/vec4 v0x6000028193b0_0;
    %load/vec4 v0x600002819560_0;
    %pad/s 35;
    %pad/s 37;
    %muli 4, 0, 37;
    %ix/vec4/s 4;
    %store/vec4a v0x600002819440, 4, 0;
T_3.14 ;
T_3.5 ;
    %load/vec4 v0x6000028195f0_0;
    %flag_set/vec4 8;
    %jmp/0xz  T_3.32, 8;
    %fork t_25, S_0x157e0e4d0;
    %jmp t_24;
    .scope S_0x157e0e4d0;
t_25 ;
    %pushi/vec4 0, 0, 32;
    %store/vec4 v0x6000028187e0_0, 0, 32;
T_3.34 ;
    %load/vec4 v0x6000028187e0_0;
    %cmpi/s 8, 0, 32;
    %jmp/0xz T_3.35, 5;
    %load/vec4 v0x600002819a70_0;
    %load/vec4 v0x6000028187e0_0;
    %part/s 1;
    %load/vec4 v0x600002819560_0;
    %pad/s 35;
    %pad/s 37;
    %muli 4, 0, 37;
    %pad/s 38;
    %load/vec4 v0x6000028193b0_0;
    %pad/s 38;
    %add;
    %ix/vec4/s 4;
    %flag_mov 8, 4;
    %load/vec4 v0x6000028197a0_0;
    %muli 8, 0, 32;
    %load/vec4 v0x6000028187e0_0;
    %add;
    %ix/vec4/s 5;
    %flag_or 4, 8;
    %store/vec4a v0x600002819200, 4, 5;
    ; show_stmt_assign_vector: Get l-value for compressed += operand
    %load/vec4 v0x6000028187e0_0;
    %pushi/vec4 1, 0, 32;
    %add;
    %store/vec4 v0x6000028187e0_0, 0, 32;
    %jmp T_3.34;
T_3.35 ;
    %end;
    .scope S_0x157e08d00;
t_24 %join;
T_3.32 ;
    ; show_stmt_assign_vector: Get l-value for compressed += operand
    %load/vec4 v0x600002819dd0_0;
    %pushi/vec4 1, 0, 32;
    %add;
    %store/vec4 v0x600002819dd0_0, 0, 32;
    %load/vec4 v0x6000028194d0_0;
    %flag_set/vec4 8;
    %jmp/0xz  T_3.36, 8;
    ; show_stmt_assign_vector: Get l-value for compressed += operand
    %load/vec4 v0x600002819b90_0;
    %pushi/vec4 1, 0, 32;
    %add;
    %store/vec4 v0x600002819b90_0, 0, 32;
T_3.36 ;
    %jmp T_3;
    .thread T_3;
    .scope S_0x157e08b90;
T_4 ;
    %vpi_call 2 17 "$dumpfile", "tb.vcd" {0 0 0};
    %vpi_call 2 18 "$dumpvars", 32'sb00000000000000000000000000000000, S_0x157e08b90 {0 0 0};
    %pushi/vec4 0, 0, 32;
    %store/vec4 v0x600002819b90_0, 0, 32;
    %pushi/vec4 0, 0, 32;
    %store/vec4 v0x600002819dd0_0, 0, 32;
    %pushi/vec4 0, 0, 1;
    %store/vec4 v0x600002819b00_0, 0, 1;
    %pushi/vec4 9, 0, 8;
    %store/vec4 v0x600002819e60_0, 0, 8;
    %pushi/vec4 0, 0, 1;
    %store/vec4 v0x600002819c20_0, 0, 1;
    %pushi/vec4 33562497, 0, 32;
    %store/vec4 v0x600002819cb0_0, 0, 32;
    %delay 10, 0;
    %load/vec4 v0x600002819b00_0;
    %inv;
    %store/vec4 v0x600002819b00_0, 0, 1;
    %delay 10, 0;
    %load/vec4 v0x600002819b00_0;
    %inv;
    %store/vec4 v0x600002819b00_0, 0, 1;
    %pushi/vec4 33562481, 0, 32;
    %store/vec4 v0x600002819cb0_0, 0, 32;
    %delay 10, 0;
    %load/vec4 v0x600002819b00_0;
    %inv;
    %store/vec4 v0x600002819b00_0, 0, 1;
    %delay 10, 0;
    %load/vec4 v0x600002819b00_0;
    %inv;
    %store/vec4 v0x600002819b00_0, 0, 1;
    %pushi/vec4 33562433, 0, 32;
    %store/vec4 v0x600002819cb0_0, 0, 32;
    %delay 10, 0;
    %load/vec4 v0x600002819b00_0;
    %inv;
    %store/vec4 v0x600002819b00_0, 0, 1;
    %delay 10, 0;
    %load/vec4 v0x600002819b00_0;
    %inv;
    %store/vec4 v0x600002819b00_0, 0, 1;
    %pushi/vec4 33562449, 0, 32;
    %store/vec4 v0x600002819cb0_0, 0, 32;
    %delay 10, 0;
    %load/vec4 v0x600002819b00_0;
    %inv;
    %store/vec4 v0x600002819b00_0, 0, 1;
    %delay 10, 0;
    %load/vec4 v0x600002819b00_0;
    %inv;
    %store/vec4 v0x600002819b00_0, 0, 1;
    %pushi/vec4 33562481, 0, 32;
    %store/vec4 v0x600002819cb0_0, 0, 32;
    %delay 10, 0;
    %load/vec4 v0x600002819b00_0;
    %inv;
    %store/vec4 v0x600002819b00_0, 0, 1;
    %delay 10, 0;
    %load/vec4 v0x600002819b00_0;
    %inv;
    %store/vec4 v0x600002819b00_0, 0, 1;
    %pushi/vec4 33562433, 0, 32;
    %store/vec4 v0x600002819cb0_0, 0, 32;
    %delay 10, 0;
    %load/vec4 v0x600002819b00_0;
    %inv;
    %store/vec4 v0x600002819b00_0, 0, 1;
    %delay 10, 0;
    %load/vec4 v0x600002819b00_0;
    %inv;
    %store/vec4 v0x600002819b00_0, 0, 1;
    %vpi_call 2 55 "$display", "Hits: %d", v0x600002819b90_0 {0 0 0};
    %vpi_call 2 56 "$display", "Total: %d", v0x600002819dd0_0 {0 0 0};
    %end;
    .thread T_4;
# The file index is used to find the file name in the following table.
:file_names 5;
    "N/A";
    "<interactive>";
    "tmp.v";
    "./CacheController.v";
    "./MainMemory.v";
